<?xml version="1.0" encoding="UTF-8"?>
<!-- Generated by org.testng.reporters.JUnitXMLReporter -->
<testsuite ignored="0" hostname="Sanu" failures="1" tests="2" name="Test" time="27.211" errors="0" timestamp="2024-11-21T11:01:13 IST">
  <testcase classname="ScreenshotsFailed.TestClass1" name="TestGoogleSearch" time="4.118">
    <failure type="java.lang.ArithmeticException" message="/ by zero">
      <![CDATA[java.lang.ArithmeticException: / by zero
at ScreenshotsFailed.TestClass1.TestGoogleSearch(TestClass1.java:20)
at java.base/java.util.ArrayList.forEach(ArrayList.java:1597)
... Removed 25 stack frames]]>
    </failure>
  </testcase> <!-- TestGoogleSearch -->
  <testcase classname="ScreenshotsFailed.TestClass1" name="TestRandomName" time="3.736"/>
</testsuite> <!-- Test -->
