<?xml version="1.0" encoding="UTF-8"?>
<!-- Generated by org.testng.reporters.JUnitXMLReporter -->
<testsuite ignored="2" hostname="Sanu" failures="0" tests="0" time="2.643" errors="0" timestamp="2024-11-21T11:01:48 IST">
  <testcase classname="ScreenshotsFailed.TestClass1" name="TestRandomName" time="0.0">
    <ignored/>
  </testcase> <!-- TestRandomName -->
  <testcase classname="ScreenshotsFailed.TestClass1" name="TestGoogleSearch" time="0.0">
    <ignored/>
  </testcase> <!-- TestGoogleSearch -->
</testsuite>
