<?xml version="1.0" encoding="UTF-8"?>
<!-- Generated by org.testng.reporters.JUnitXMLReporter -->
<testsuite ignored="0" hostname="Sanu" failures="0" tests="3" name="test2" time="0.017" errors="0" timestamp="2024-10-28T23:01:50 IST">
  <testcase classname="com.hyr.parallelTest.TestClass3" name="testMethod10" time="0.001"/>
  <testcase classname="com.hyr.parallelTest.TestClass3" name="testMethod8" time="0.002"/>
  <testcase classname="com.hyr.parallelTest.TestClass3" name="testMethod9" time="0.001"/>
</testsuite> <!-- test2 -->
