<?xml version="1.0" encoding="UTF-8"?>
<!-- Generated by org.testng.reporters.JUnitXMLReporter -->
<testsuite ignored="0" hostname="Sanu" failures="0" tests="3" name="Test3" time="0.165" errors="0" timestamp="2024-10-28T22:48:40 IST">
  <testcase classname="com.hyr.parallelTest.TestClass3" name="testMethod10" time="0.016"/>
  <testcase classname="com.hyr.parallelTest.TestClass3" name="testMethod8" time="0.027"/>
  <testcase classname="com.hyr.parallelTest.TestClass3" name="testMethod9" time="0.003"/>
</testsuite> <!-- Test3 -->
